{
  "RSpec": {
    "coverage": {
      "/home/ddsmith/Development/Code/phase0/tic-tac-toe-rb-1/lib/tic_tac_toe.rb": [
        null,
        1,
        null,
        null,
        null,
        null,
        null,
        null,
        null,
        null,
        null,
        1,
        null,
        1,
        23,
        23,
        23,
        23,
        23,
        null,
        null,
        1,
        22,
        null,
        null,
        1,
        18,
        null,
        null,
        1,
        3,
        3,
        null,
        null,
        1,
        225,
        176,
        null,
        49,
        null,
        null,
        null,
        1,
        22,
        19,
        null,
        3,
        null,
        null,
        null,
        1,
        19,
        null,
        null,
        1,
        19,
        19,
        19,
        19,
        18,
        18,
        null,
        1,
        null,
        null,
        null,
        1,
        20,
        20,
        180,
        31,
        null,
        null,
        20,
        null,
        null,
        1,
        97,
        592,
        592,
        592,
        null,
        592,
        592,
        592,
        null,
        592,
        46,
        null,
        null,
        51,
        null,
        null,
        1,
        181,
        null,
        null,
        1,
        28,
        7,
        21,
        21,
        null,
        null,
        null,
        1,
        20,
        10,
        null,
        10,
        null,
        null,
        null,
        1,
        12,
        11,
        null,
        null,
        null,
        1,
        0,
        0,
        0,
        0,
        null,
        null,
        null,
        1,
        12,
        16,
        null,
        12,
        5,
        5,
        7,
        7,
        null,
        null
      ]
    },
    "timestamp": 1634696330
  }
}
